[debug] [2023-10-28T04:51:15.772Z] ----------------------------------------------------------------------
[debug] [2023-10-28T04:51:15.773Z] Command:       C:\Program Files\nodejs\node.exe C:\Users\User\AppData\Roaming\npm\node_modules\firebase-tools\lib\bin\firebase.js init
[debug] [2023-10-28T04:51:15.774Z] CLI Version:   12.7.0
[debug] [2023-10-28T04:51:15.774Z] Platform:      win32
[debug] [2023-10-28T04:51:15.774Z] Node Version:  v18.17.1
[debug] [2023-10-28T04:51:15.774Z] Time:          Sat Oct 28 2023 12:51:15 GMT+0800 (Singapore Standard Time)
[debug] [2023-10-28T04:51:15.775Z] ----------------------------------------------------------------------
[debug] 
[debug] [2023-10-28T04:51:15.780Z] > command requires scopes: ["email","openid","https://www.googleapis.com/auth/cloudplatformprojects.readonly","https://www.googleapis.com/auth/firebase","https://www.googleapis.com/auth/cloud-platform"]
[debug] [2023-10-28T04:51:15.780Z] > authorizing via signed-in user (jocelynyap0513@gmail.com)
[info] 
     ######## #### ########  ######## ########     ###     ######  ########
     ##        ##  ##     ## ##       ##     ##  ##   ##  ##       ##
     ######    ##  ########  ######   ########  #########  ######  ######
     ##        ##  ##    ##  ##       ##     ## ##     ##       ## ##
     ##       #### ##     ## ######## ########  ##     ##  ######  ########

You're about to initialize a Firebase project in this directory:

  C:\wamp64\www\WAD2\PROJECT\EcoScape

Before we get started, keep in mind:

  * You are currently outside your home directory

[info] 
=== Project Setup
[info] 
[info] First, let's associate this project directory with a Firebase project.
[info] You can create multiple project aliases by running firebase use --add, 
[info] but for now we'll just set up a default project.
[info] 
